Step: build-step-credential-initializer-56xhn:

{"level":"warn","ts":1554353214.0496826,"logger":"fallback-logger","caller":"logging/config.go:65","msg":"Fetch GitHub commit ID from kodata failed: \"ref: refs/heads/backport-container-name-fix\" is not a valid GitHub commit ID"}
{"level":"info","ts":1554353214.0501502,"logger":"fallback-logger","caller":"creds-init/main.go:40","msg":"Credentials initialized."}
Step: build-step-git-source-jstrachan-nodey72-master-c2fs8:

{"level":"warn","ts":1554353217.0182827,"logger":"fallback-logger","caller":"logging/config.go:65","msg":"Fetch GitHub commit ID from kodata failed: \"ref: refs/heads/backport-container-name-fix\" is not a valid GitHub commit ID"}
{"level":"info","ts":1554353218.1124518,"logger":"fallback-logger","caller":"git-init/main.go:99","msg":"Successfully cloned \"https://github.com/jstrachan/nodey72\" @ \"v0.0.1\" in path \"/workspace/source\""}
Step: build-step-place-tools:

Step: build-step-setup-**-git-credentials:

Generated Git credentials file /workspace/xdg_config/git/credentials
Step: build-step-build-npm-install:

npm notice created a lockfile as package-lock.json. You should commit this file.
npm WARN REPLACE_ME@1.0.0 No repository field.
npm WARN REPLACE_ME@1.0.0 No license field.

up to date in 0.549s
found 0 vulnerabilities

Step: build-step-build-npm-test:


> REPLACE_ME@1.0.0 test /workspace/source
> echo "no test specified" && exit 0

no test specified
Step: build-step-build-container-build:

[36mINFO[0m[0000] Downloading base image node:9-slim           
ERROR: logging before flag.Parse: E0404 04:47:44.360467       9 metadata.go:142] while reading 'google-dockercfg' metadata: http status code: 404 while fetching url http://metadata.google.internal./computeMetadata/v1/instance/attributes/google-dockercfg
ERROR: logging before flag.Parse: E0404 04:47:44.365747       9 metadata.go:159] while reading 'google-dockercfg-url' metadata: http status code: 404 while fetching url http://metadata.google.internal./computeMetadata/v1/instance/attributes/google-dockercfg-url
2019/04/04 04:47:44 No matching credentials were found, falling back on anonymous
[36mINFO[0m[0001] Error while retrieving image from cache: getting file info: stat /workspace/sha256:0e0175bbe4f8d9d104590d8d2c591017874e30977cb71aaff1cf6fa99479575c: no such file or directory 
[36mINFO[0m[0001] Downloading base image node:9-slim           
2019/04/04 04:47:45 No matching credentials were found, falling back on anonymous
[36mINFO[0m[0002] Executing 0 build triggers                   
[36mINFO[0m[0002] cmd: EXPOSE                                  
[36mINFO[0m[0002] Adding exposed port: 8080/tcp                
[36mINFO[0m[0002] Using files from context: [/workspace/source] 
[36mINFO[0m[0002] Skipping unpacking as no commands require it. 
[36mINFO[0m[0002] Taking snapshot of full filesystem...        
[36mINFO[0m[0002] ENV PORT 8080                                
[36mINFO[0m[0002] No files changed in this command, skipping snapshotting. 
[36mINFO[0m[0002] EXPOSE 8080                                  
[36mINFO[0m[0002] cmd: EXPOSE                                  
[36mINFO[0m[0002] Adding exposed port: 8080/tcp                
[36mINFO[0m[0002] No files changed in this command, skipping snapshotting. 
[36mINFO[0m[0002] WORKDIR /usr/src/app                         
[36mINFO[0m[0002] cmd: workdir                                 
[36mINFO[0m[0002] Changed working directory to /usr/src/app    
[36mINFO[0m[0002] Creating directory /usr/src/app              
[36mINFO[0m[0002] Taking snapshot of files...                  
[36mINFO[0m[0002] Using files from context: [/workspace/source] 
[36mINFO[0m[0002] COPY . .                                     
[36mINFO[0m[0002] Taking snapshot of files...                  
[36mINFO[0m[0002] CMD ["npm", "start"]                         
[36mINFO[0m[0002] No files changed in this command, skipping snapshotting. 
2019/04/04 04:47:46 pushed blob: sha256:e5dca8ce227edf86cadb43cbf129d3149c97d1e774e8cd18cd533f2df7f0062a
2019/04/04 04:47:46 pushed blob: sha256:b9643d33641e6c4eb9e3df1320f9c79ec71cab3a3cd0cfc4b8b7e306ab8f8f8b
2019/04/04 04:47:46 pushed blob: sha256:b007b908ddf4e09eea53faea001b97779cf3d73c7f7e3010e6d149816dc0272d
2019/04/04 04:47:46 pushed blob: sha256:e01bd28a434b56ffd2a3fe9aa99b9b69aecca69904843edd30b1ee7150d79904
2019/04/04 04:47:47 pushed blob: sha256:7d083412657baa2dafba8d093034ef26f9ed2c90fb6ed95f76bb55aff03ed429
2019/04/04 04:47:47 pushed blob: sha256:196b8e3c919d5639193ba6c6e54774528942041bbc37606631a2250502985c3c
2019/04/04 04:47:48 pushed blob: sha256:a88538b9cd05cfa611e43a25582a95ad7879f6fa708b0386a26b71ee62235bb3
2019/04/04 04:47:48 pushed blob: sha256:5bba3ecb4cd6374a19da45f2a3db0a9c0804984358b3bb4b666c28944016e5ff
2019/04/04 04:47:48 10.47.247.51:5000/jstrachan/nodey72:0.0.1: digest: sha256:6227a5b3b98474c4135abceb7720922929162b14d7aeac9c1b630b30a8bdc43a size: 1404
Step: build-step-build-post-build:

no CVE provider running in the current ** namespace so skip adding image to be analysed
Step: build-step-promote-changelog:

Converted /workspace/source/charts/nodey72 to an unshallow repository
Generating change log from git ref 91508acb1a17e5ca131387a4a25f0d014c598cf7 => 3953f2b11c68a467b8156b46d88941126b6f7d48
Failed to enrich commits with issues: User.jenkins.io "-0" is invalid: metadata.name: Invalid value: "-0": a DNS-1123 subdomain must consist of lower case alphanumeric characters, '-' or '.', and must start and end with an alphanumeric character (e.g. 'example.com', regex used for validation is '[a-z0-9]([-a-z0-9]*[a-z0-9])?(\.[a-z0-9]([-a-z0-9]*[a-z0-9])?)*')
Failed to enrich commits with issues: User.jenkins.io "-0" is invalid: metadata.name: Invalid value: "-0": a DNS-1123 subdomain must consist of lower case alphanumeric characters, '-' or '.', and must start and end with an alphanumeric character (e.g. 'example.com', regex used for validation is '[a-z0-9]([-a-z0-9]*[a-z0-9])?(\.[a-z0-9]([-a-z0-9]*[a-z0-9])?)*')
Finding issues in commit messages using git format
No release found for jstrachan/nodey72 and tag v0.0.1 so creating a new release
Updated the release information at https://github.com/jstrachan/nodey72/releases/tag/v0.0.1
generated: /workspace/source/charts/nodey72/templates/release.yaml
Created Release nodey72-0-0-1 resource in namespace **
Updating PipelineActivity jstrachan-nodey72-master-1 with version 0.0.1
Updated PipelineActivities jstrachan-nodey72-master-1 with release notes URL: https://github.com/jstrachan/nodey72/releases/tag/v0.0.1
Step: build-step-promote-helm-release:

No $CHART_REPOSITORY defined so using the default value of: http://jenkins-x-chartmuseum:8080
Adding missing Helm repo: jenkins-x http://chartmuseum.jenkins-x.io
Successfully added Helm repository jenkins-x.
Adding missing Helm repo: releases http://jenkins-x-chartmuseum:8080
Successfully added Helm repository releases.
No $CHART_REPOSITORY defined so using the default value of: http://jenkins-x-chartmuseum:8080
Uploading chart file nodey72-0.0.1.tgz to http://jenkins-x-chartmuseum:8080/api/charts
Received 201 response: {"saved":true}
Step: build-step-promote-**-promote:

prow based install so skip waiting for the merge of Pull Requests to go green as currently there is an issue with gettingstatuses from the PR, see https://github.com/jenkins-x/**/issues/2410
Promoting app nodey72 version 0.0.1 to namespace **-staging
Created Pull Request: https://github.com/******************/environment-jstrachan-t2-staging/pull/1

Failed to merge the Pull Request https://github.com/******************/environment-jstrachan-t2-staging/pull/1 due to PUT https://api.github.com/repos/******************/environment-jstrachan-t2-staging/pulls/1/merge: 405 Base branch was modified. Review and try the merge again. [] maybe I don't have karma?
Pull Request https://github.com/******************/environment-jstrachan-t2-staging/pull/1 is merged at sha d8f7a7b8bdf7dea98096cb53fed3c4a3b48156dd
Pull Request merged but we are not waiting for the update pipeline to complete!
Could not find the service URL in namespace **-staging for names nodey72, **-nodey72, **-staging-nodey72
Step: build-step-source-mkdir-jstrachan-nodey72-master-7n67f:

{"level":"warn","ts":1554353334.5106866,"logger":"fallback-logger","caller":"logging/config.go:65","msg":"Fetch GitHub commit ID from kodata failed: open /var/run/ko/HEAD: no such file or directory"}
{"level":"info","ts":1554353334.5527265,"logger":"fallback-logger","caller":"bash/main.go:65","msg":"Successfully executed command \"mkdir -p /pvc/from-build-pack/workspace\""}
Step: build-step-source-copy-jstrachan-nodey72-master-c9l8m:

{"level":"warn","ts":1554353335.4624536,"logger":"fallback-logger","caller":"logging/config.go:65","msg":"Fetch GitHub commit ID from kodata failed: open /var/run/ko/HEAD: no such file or directory"}
{"level":"info","ts":1554353335.6169376,"logger":"fallback-logger","caller":"bash/main.go:65","msg":"Successfully executed command \"cp -r /workspace/source/. /pvc/from-build-pack/workspace\""}
